2025-06-05 00:31:27,892 [1] INFO Microsoft.Hosting.Lifetime - Now listening on: http://localhost:5001
2025-06-05 00:31:27,928 [1] INFO Microsoft.Hosting.Lifetime - Application started. Press Ctrl+C to shut down.
2025-06-05 00:31:27,928 [1] INFO Microsoft.Hosting.Lifetime - Hosting environment: Development
2025-06-05 00:31:27,928 [1] INFO Microsoft.Hosting.Lifetime - Content root path: /Users/hayagreevanv/Documents/genspark-training/2025-06-04/FirstAPI
2025-06-05 00:37:33,869 [.NET TP Worker] INFO Microsoft.EntityFrameworkCore.Database.Command - Executed DbCommand (55ms) [Parameters=[@__key_0='?'], CommandType='Text', CommandTimeout='30']
SELECT u."Username", u."HashKey", u."Password", u."Role"
FROM users AS u
WHERE u."Username" = @__key_0
LIMIT 2
2025-06-05 00:55:41,383 [.NET Signal Handler] INFO Microsoft.Hosting.Lifetime - Application is shutting down...
2025-06-05 09:55:14,847 [1] INFO Microsoft.Hosting.Lifetime - Now listening on: http://localhost:5001
2025-06-05 09:55:14,878 [1] INFO Microsoft.Hosting.Lifetime - Application started. Press Ctrl+C to shut down.
2025-06-05 09:55:14,878 [1] INFO Microsoft.Hosting.Lifetime - Hosting environment: Development
2025-06-05 09:55:14,878 [1] INFO Microsoft.Hosting.Lifetime - Content root path: /Users/hayagreevanv/Documents/genspark-training/2025-06-05/FirstAPI
2025-06-05 10:03:47,290 [.NET Signal Handler] INFO Microsoft.Hosting.Lifetime - Application is shutting down...
2025-06-05 10:03:54,374 [1] INFO Microsoft.Hosting.Lifetime - Now listening on: http://localhost:5001
2025-06-05 10:03:54,409 [1] INFO Microsoft.Hosting.Lifetime - Application started. Press Ctrl+C to shut down.
2025-06-05 10:03:54,409 [1] INFO Microsoft.Hosting.Lifetime - Hosting environment: Development
2025-06-05 10:03:54,409 [1] INFO Microsoft.Hosting.Lifetime - Content root path: /Users/hayagreevanv/Documents/genspark-training/2025-06-05/FirstAPI
2025-06-05 10:04:38,302 [.NET TP Worker] ERROR Microsoft.AspNetCore.Diagnostics.DeveloperExceptionPageMiddleware - An unhandled exception has occurred while executing the request.
System.IO.DirectoryNotFoundException: Could not find a part of the path '/Users/hayagreevanv/Documents/genspark-training/2025-06-05/Files/task.md'.
   at Interop.ThrowExceptionForIoErrno(ErrorInfo errorInfo, String path, Boolean isDirError)
   at Microsoft.Win32.SafeHandles.SafeFileHandle.Open(String path, OpenFlags flags, Int32 mode, Boolean failForSymlink, Boolean& wasSymlink, Func`4 createOpenException)
   at Microsoft.Win32.SafeHandles.SafeFileHandle.Open(String fullPath, FileMode mode, FileAccess access, FileShare share, FileOptions options, Int64 preallocationSize, UnixFileMode openPermissions, Int64& fileLength, UnixFileMode& filePermissions, Boolean failForSymlink, Boolean& wasSymlink, Func`4 createOpenException)
   at System.IO.Strategies.OSFileStreamStrategy..ctor(String path, FileMode mode, FileAccess access, FileShare share, FileOptions options, Int64 preallocationSize, Nullable`1 unixCreateMode)
   at System.IO.File.Create(String path)
   at FirstAPI.Controllers.FileHandleController.FileUpload(IFormFile file)
   at lambda_method5(Closure, Object)
   at Microsoft.AspNetCore.Mvc.Infrastructure.ActionMethodExecutor.TaskOfActionResultExecutor.Execute(ActionContext actionContext, IActionResultTypeMapper mapper, ObjectMethodExecutor executor, Object controller, Object[] arguments)
   at Microsoft.AspNetCore.Mvc.Infrastructure.ControllerActionInvoker.<InvokeActionMethodAsync>g__Awaited|12_0(ControllerActionInvoker invoker, ValueTask`1 actionResultValueTask)
   at Microsoft.AspNetCore.Mvc.Infrastructure.ControllerActionInvoker.<InvokeNextActionFilterAsync>g__Awaited|10_0(ControllerActionInvoker invoker, Task lastTask, State next, Scope scope, Object state, Boolean isCompleted)
   at Microsoft.AspNetCore.Mvc.Infrastructure.ControllerActionInvoker.Rethrow(ActionExecutedContextSealed context)
   at Microsoft.AspNetCore.Mvc.Infrastructure.ControllerActionInvoker.Next(State& next, Scope& scope, Object& state, Boolean& isCompleted)
   at Microsoft.AspNetCore.Mvc.Infrastructure.ControllerActionInvoker.InvokeInnerFilterAsync()
--- End of stack trace from previous location ---
   at Microsoft.AspNetCore.Mvc.Infrastructure.ResourceInvoker.<InvokeNextResourceFilter>g__Awaited|25_0(ResourceInvoker invoker, Task lastTask, State next, Scope scope, Object state, Boolean isCompleted)
   at Microsoft.AspNetCore.Mvc.Infrastructure.ResourceInvoker.Rethrow(ResourceExecutedContextSealed context)
   at Microsoft.AspNetCore.Mvc.Infrastructure.ResourceInvoker.Next(State& next, Scope& scope, Object& state, Boolean& isCompleted)
   at Microsoft.AspNetCore.Mvc.Infrastructure.ResourceInvoker.InvokeFilterPipelineAsync()
--- End of stack trace from previous location ---
   at Microsoft.AspNetCore.Mvc.Infrastructure.ResourceInvoker.<InvokeAsync>g__Awaited|17_0(ResourceInvoker invoker, Task task, IDisposable scope)
   at Microsoft.AspNetCore.Mvc.Infrastructure.ResourceInvoker.<InvokeAsync>g__Awaited|17_0(ResourceInvoker invoker, Task task, IDisposable scope)
   at Microsoft.AspNetCore.Authorization.AuthorizationMiddleware.Invoke(HttpContext context)
   at Microsoft.AspNetCore.Authentication.AuthenticationMiddleware.Invoke(HttpContext context)
   at Swashbuckle.AspNetCore.SwaggerUI.SwaggerUIMiddleware.Invoke(HttpContext httpContext)
   at Swashbuckle.AspNetCore.Swagger.SwaggerMiddleware.Invoke(HttpContext httpContext, ISwaggerProvider swaggerProvider)
   at Microsoft.AspNetCore.Diagnostics.DeveloperExceptionPageMiddlewareImpl.Invoke(HttpContext context)
2025-06-05 10:09:43,053 [.NET TP Worker] ERROR Microsoft.AspNetCore.Diagnostics.DeveloperExceptionPageMiddleware - An unhandled exception has occurred while executing the request.
System.IO.IOException: The process cannot access the file '/Users/hayagreevanv/Documents/genspark-training/2025-06-05/FirstAPI/Files/notes.md' because it is being used by another process.
   at Microsoft.Win32.SafeHandles.SafeFileHandle.Init(String path, FileMode mode, FileAccess access, FileShare share, FileOptions options, Int64 preallocationSize, Int64& fileLength, UnixFileMode& filePermissions)
   at Microsoft.Win32.SafeHandles.SafeFileHandle.Open(String fullPath, FileMode mode, FileAccess access, FileShare share, FileOptions options, Int64 preallocationSize, UnixFileMode openPermissions, Int64& fileLength, UnixFileMode& filePermissions, Boolean failForSymlink, Boolean& wasSymlink, Func`4 createOpenException)
   at System.IO.Strategies.OSFileStreamStrategy..ctor(String path, FileMode mode, FileAccess access, FileShare share, FileOptions options, Int64 preallocationSize, Nullable`1 unixCreateMode)
   at System.IO.File.Create(String path)
   at FirstAPI.Controllers.FileHandleController.FileUpload(IFormFile file)
   at lambda_method37(Closure, Object)
   at Microsoft.AspNetCore.Mvc.Infrastructure.ActionMethodExecutor.TaskOfActionResultExecutor.Execute(ActionContext actionContext, IActionResultTypeMapper mapper, ObjectMethodExecutor executor, Object controller, Object[] arguments)
   at Microsoft.AspNetCore.Mvc.Infrastructure.ControllerActionInvoker.<InvokeActionMethodAsync>g__Awaited|12_0(ControllerActionInvoker invoker, ValueTask`1 actionResultValueTask)
   at Microsoft.AspNetCore.Mvc.Infrastructure.ControllerActionInvoker.<InvokeNextActionFilterAsync>g__Awaited|10_0(ControllerActionInvoker invoker, Task lastTask, State next, Scope scope, Object state, Boolean isCompleted)
   at Microsoft.AspNetCore.Mvc.Infrastructure.ControllerActionInvoker.Rethrow(ActionExecutedContextSealed context)
   at Microsoft.AspNetCore.Mvc.Infrastructure.ControllerActionInvoker.Next(State& next, Scope& scope, Object& state, Boolean& isCompleted)
   at Microsoft.AspNetCore.Mvc.Infrastructure.ControllerActionInvoker.InvokeInnerFilterAsync()
--- End of stack trace from previous location ---
   at Microsoft.AspNetCore.Mvc.Infrastructure.ResourceInvoker.<InvokeNextResourceFilter>g__Awaited|25_0(ResourceInvoker invoker, Task lastTask, State next, Scope scope, Object state, Boolean isCompleted)
   at Microsoft.AspNetCore.Mvc.Infrastructure.ResourceInvoker.Rethrow(ResourceExecutedContextSealed context)
   at Microsoft.AspNetCore.Mvc.Infrastructure.ResourceInvoker.Next(State& next, Scope& scope, Object& state, Boolean& isCompleted)
   at Microsoft.AspNetCore.Mvc.Infrastructure.ResourceInvoker.InvokeFilterPipelineAsync()
--- End of stack trace from previous location ---
   at Microsoft.AspNetCore.Mvc.Infrastructure.ResourceInvoker.<InvokeAsync>g__Awaited|17_0(ResourceInvoker invoker, Task task, IDisposable scope)
   at Microsoft.AspNetCore.Mvc.Infrastructure.ResourceInvoker.<InvokeAsync>g__Awaited|17_0(ResourceInvoker invoker, Task task, IDisposable scope)
   at Microsoft.AspNetCore.Authorization.AuthorizationMiddleware.Invoke(HttpContext context)
   at Microsoft.AspNetCore.Authentication.AuthenticationMiddleware.Invoke(HttpContext context)
   at Swashbuckle.AspNetCore.SwaggerUI.SwaggerUIMiddleware.Invoke(HttpContext httpContext)
   at Swashbuckle.AspNetCore.Swagger.SwaggerMiddleware.Invoke(HttpContext httpContext, ISwaggerProvider swaggerProvider)
   at Microsoft.AspNetCore.Diagnostics.DeveloperExceptionPageMiddlewareImpl.Invoke(HttpContext context)
2025-06-05 13:33:52,524 [.NET Signal Handler] INFO Microsoft.Hosting.Lifetime - Application is shutting down...
2025-06-05 13:34:13,977 [1] INFO Microsoft.Hosting.Lifetime - Now listening on: http://localhost:5001
2025-06-05 13:34:14,006 [1] INFO Microsoft.Hosting.Lifetime - Application started. Press Ctrl+C to shut down.
2025-06-05 13:34:14,006 [1] INFO Microsoft.Hosting.Lifetime - Hosting environment: Development
2025-06-05 13:34:14,006 [1] INFO Microsoft.Hosting.Lifetime - Content root path: /Users/hayagreevanv/Documents/genspark-training/2025-06-05/FirstAPI
2025-06-05 13:35:22,632 [.NET Signal Handler] INFO Microsoft.Hosting.Lifetime - Application is shutting down...
2025-06-05 13:35:34,457 [1] INFO Microsoft.Hosting.Lifetime - Now listening on: http://localhost:5001
2025-06-05 13:35:34,484 [1] INFO Microsoft.Hosting.Lifetime - Application started. Press Ctrl+C to shut down.
2025-06-05 13:35:34,484 [1] INFO Microsoft.Hosting.Lifetime - Hosting environment: Development
2025-06-05 13:35:34,484 [1] INFO Microsoft.Hosting.Lifetime - Content root path: /Users/hayagreevanv/Documents/genspark-training/2025-06-05/FirstAPI
2025-06-05 14:54:55,121 [.NET Signal Handler] INFO Microsoft.Hosting.Lifetime - Application is shutting down...
